2020-04-19 05:48:48 



















2020-04-19 05:48:48 Dcscoin version v0.8.7.5-unk-beta (2015-01-12 16:55:18 -1000)
2020-04-19 05:48:48 Using OpenSSL version OpenSSL 1.0.2n  7 Dec 2017
2020-04-19 05:48:48 Default data directory /home/dhruv/.dcscoin
2020-04-19 05:48:48 Using data directory /home/dhruv/.dcscoin
2020-04-19 05:48:48 Using at most 125 connections (1024 file descriptors available)
2020-04-19 05:48:48 Using 4 threads for script verification
2020-04-19 05:48:48 init message: Verifying wallet...
2020-04-19 05:48:48 dbenv.open LogDir=/home/dhruv/.dcscoin/database ErrorFile=/home/dhruv/.dcscoin/db.log
2020-04-19 05:48:48 Bound to [::]:2333
2020-04-19 05:48:48 Bound to 0.0.0.0:2333
2020-04-19 05:48:48 init message: Loading block index...
2020-04-19 05:48:48 Opening LevelDB in /home/dhruv/.dcscoin/blocks/index
2020-04-19 05:48:48 Opened LevelDB successfully
2020-04-19 05:48:48 Opening LevelDB in /home/dhruv/.dcscoin/chainstate
2020-04-19 05:48:48 Opened LevelDB successfully
2020-04-19 05:48:48 LoadBlockIndexDB(): last block file = 0
2020-04-19 05:48:48 LoadBlockIndexDB(): transaction index disabled
2020-04-19 05:48:48 Initializing databases...
2020-04-19 05:48:48 c30efcb0d3979e147f87d73e6eeb0fc96a20ce8cf7b6cde11f275230cf31d7b7
2020-04-19 05:48:48 12a765e31ffd4059bada1e25190f6e98c99d9714d334efa41a195a7e7e04bfe2
2020-04-19 05:48:48 d105d1cfd8cd5668f179acdf6f0255dbbcbdbf2d228d025d32dac99e500bc3f8
2020-04-19 06:07:31 



















2020-04-19 06:07:31 Dcscoin version v0.8.7.5-unk-beta (2015-01-12 16:55:18 -1000)
2020-04-19 06:07:31 Using OpenSSL version OpenSSL 1.0.2n  7 Dec 2017
2020-04-19 06:07:31 Default data directory /home/dhruv/.dcscoin
2020-04-19 06:07:31 Using data directory /home/dhruv/.dcscoin
2020-04-19 06:07:31 Using at most 125 connections (1024 file descriptors available)
2020-04-19 06:07:31 Using 4 threads for script verification
2020-04-19 06:07:31 init message: Verifying wallet...
2020-04-19 06:07:31 dbenv.open LogDir=/home/dhruv/.dcscoin/database ErrorFile=/home/dhruv/.dcscoin/db.log
2020-04-19 06:07:31 Bound to [::]:2333
2020-04-19 06:07:31 Bound to 0.0.0.0:2333
2020-04-19 06:07:31 init message: Loading block index...
2020-04-19 06:07:31 Opening LevelDB in /home/dhruv/.dcscoin/blocks/index
2020-04-19 06:07:31 Opened LevelDB successfully
2020-04-19 06:07:31 Opening LevelDB in /home/dhruv/.dcscoin/chainstate
2020-04-19 06:07:31 Opened LevelDB successfully
2020-04-19 06:07:31 LoadBlockIndexDB(): last block file = 0
2020-04-19 06:07:31 LoadBlockIndexDB(): transaction index disabled
2020-04-19 06:07:31 Initializing databases...
2020-04-19 06:07:31 Searching for genesis block...
2020-04-19 06:07:32 nonce 7C3F6000: hash = 5eb2c7590eeec5265540e2dfd9d7f6f49d2c98e75373a5d5bd4207eaceb0f225 (target = 00000ffff0000000000000000000000000000000000000000000000000000000)
2020-04-19 06:07:33 nonce 7C3F7000: hash = 9ef75251f95902803ef19ceac02b7c61f13c7d3b856504f7030414a613267666 (target = 00000ffff0000000000000000000000000000000000000000000000000000000)
2020-04-19 06:07:35 nonce 7C3F8000: hash = 5a274e00003723d1c9eac6c2a59e7c747dad9f814b0822db5ba863db5f4b81b6 (target = 00000ffff0000000000000000000000000000000000000000000000000000000)
2020-04-19 06:07:37 nonce 7C3F9000: hash = a6794e80bae3a444b8d3e3e5ff559e792280bcff7ede0629fb2b0e78b9fccdef (target = 00000ffff0000000000000000000000000000000000000000000000000000000)
2020-04-19 06:07:38 nonce 7C3FA000: hash = 9375a3cbce1ee1567fdf7fd0a326686cfb9e73e51d9e585d4aaa2ac9159201c1 (target = 00000ffff0000000000000000000000000000000000000000000000000000000)
2020-04-19 06:07:39 nonce 7C3FB000: hash = 00914e5594a998616ac68ba8d26cd91f562bef3eeb17c12c6e29fc604346bcbb (target = 00000ffff0000000000000000000000000000000000000000000000000000000)
2020-04-19 06:07:41 nonce 7C3FC000: hash = b2d035a798c8debe625d05484c4ceeb38302d47c42f662e19fbdf384766318e0 (target = 00000ffff0000000000000000000000000000000000000000000000000000000)
2020-04-19 06:07:42 nonce 7C3FD000: hash = d3db2dfd44f871d53ac9a51f32150b9e5ea4b5886c66fb06ed3588395ca214b7 (target = 00000ffff0000000000000000000000000000000000000000000000000000000)
2020-04-19 06:07:44 nonce 7C3FE000: hash = a10956a15b30a28aa0ca530e93b1d774c16918a44f7c8b3cf4c4c00ab04c313f (target = 00000ffff0000000000000000000000000000000000000000000000000000000)
2020-04-19 06:07:45 nonce 7C3FF000: hash = 68dca447eab80d6d215679e0d3681a43ac5e2b0bd7af60b3852fcdacd6941de3 (target = 00000ffff0000000000000000000000000000000000000000000000000000000)
2020-04-19 06:07:46 nonce 7C400000: hash = 906815fd7d5628b4aff15e68f242c93452750f3eb10d7192cffce383d3deae97 (target = 00000ffff0000000000000000000000000000000000000000000000000000000)
2020-04-19 06:07:47 nonce 7C401000: hash = 3cd16e7284054b1f9f2d7d2b042c8a52a28a096e49d7d42b2a7ed4a47e9ee898 (target = 00000ffff0000000000000000000000000000000000000000000000000000000)
2020-04-19 06:07:49 nonce 7C402000: hash = 2ab418a3854e77a6fe59a115d8f452c658fc49c7a016e2652fcbdfc92ab98a5b (target = 00000ffff0000000000000000000000000000000000000000000000000000000)
2020-04-19 06:07:50 nonce 7C403000: hash = a532fca507809b4b672deecdb62b351648b30a44b3aca11c0cfb714ff3f38083 (target = 00000ffff0000000000000000000000000000000000000000000000000000000)
2020-04-19 06:07:51 nonce 7C404000: hash = 6c1b42dd5918de810e80cb9cc8591273f3ef2e9ed327b9989ddfd90fa9451ceb (target = 00000ffff0000000000000000000000000000000000000000000000000000000)
2020-04-19 06:07:52 nonce 7C405000: hash = 68db4ee65ad7134d5729fa2fe743e6a439ead9c50417eee6781aad8bdf864d49 (target = 00000ffff0000000000000000000000000000000000000000000000000000000)
2020-04-19 06:07:54 nonce 7C406000: hash = dedc848b8f5ce19c0f1f1a05171ae08f1e72fd167331c7b2b02d645d06984de0 (target = 00000ffff0000000000000000000000000000000000000000000000000000000)
2020-04-19 06:07:55 nonce 7C407000: hash = 5172959fe7cf5c2879ecd33d1bef0e9370598c14583aa6fd69717072c9ea25ce (target = 00000ffff0000000000000000000000000000000000000000000000000000000)
2020-04-19 06:07:56 nonce 7C408000: hash = e9cd225fc8dea3d404905944f960360076c6b4d4703e67239a1dc371b99c2a2a (target = 00000ffff0000000000000000000000000000000000000000000000000000000)
2020-04-19 06:07:58 nonce 7C409000: hash = b0533934b6611c555cb411879e0408014f424f2f94981f5ebf916b30159dae29 (target = 00000ffff0000000000000000000000000000000000000000000000000000000)
2020-04-19 06:07:59 nonce 7C40A000: hash = 43cffb70bc5279bde158901cde57ab3efdf93ad491e9c52dc34693f3dd35200b (target = 00000ffff0000000000000000000000000000000000000000000000000000000)
2020-04-19 06:08:00 nonce 7C40B000: hash = 5f26f20696a15ee8dfb650b21951f1d6a6d1b78d5a2fafe8337f0c8a08a096c9 (target = 00000ffff0000000000000000000000000000000000000000000000000000000)
2020-04-19 06:08:01 nonce 7C40C000: hash = ddcd8c8bfe9a8ada4c5d38034c6a5a6c33ea778c10cd26922edd96e95002b41d (target = 00000ffff0000000000000000000000000000000000000000000000000000000)
2020-04-19 06:08:03 nonce 7C40D000: hash = c0d68da21e546a88ea36f57c187cfae61269e66d007261543c8b57f668937b67 (target = 00000ffff0000000000000000000000000000000000000000000000000000000)
2020-04-19 06:08:04 nonce 7C40E000: hash = 56253e5e048232e2aaab2b3d92539d41a7ac3066c08f28034c53f11810b13c01 (target = 00000ffff0000000000000000000000000000000000000000000000000000000)
2020-04-19 06:08:05 nonce 7C40F000: hash = 7a3844a6f122ff511393a480762e978cde91be023c007e0db32f1ec8b913ec21 (target = 00000ffff0000000000000000000000000000000000000000000000000000000)
2020-04-19 06:08:07 nonce 7C410000: hash = a44ef5e68c8f558d415dfd0d825f662162ed25e6be9b7acd9141a9fa5a391656 (target = 00000ffff0000000000000000000000000000000000000000000000000000000)
2020-04-19 06:08:08 nonce 7C411000: hash = ded1ed680b2460f04c18caafe6255cf850e6f558673f5aba4327a4276c272620 (target = 00000ffff0000000000000000000000000000000000000000000000000000000)
2020-04-19 06:08:09 nonce 7C412000: hash = b5ad941ba818a574ec4cf96adc87df90a5c5659a9f2a4afb436ac168bdfe877f (target = 00000ffff0000000000000000000000000000000000000000000000000000000)
2020-04-19 06:08:10 nonce 7C413000: hash = 8640f084e2c151e56909f4d29eb40d89be97eb0c11e84c833d2242b04ea9d6c0 (target = 00000ffff0000000000000000000000000000000000000000000000000000000)
2020-04-19 06:08:12 nonce 7C414000: hash = fc6bfff98d61b77524bda4c6ab5e57833387e2913e0cf8e8535203718637e262 (target = 00000ffff0000000000000000000000000000000000000000000000000000000)
2020-04-19 06:08:13 nonce 7C415000: hash = 1051a59ee4145ddda4a20f046be6a82f6b27ae55fee3ebb0bb171fe6676eee31 (target = 00000ffff0000000000000000000000000000000000000000000000000000000)
2020-04-19 06:08:14 nonce 7C416000: hash = 6c7617d4a0f360628b367b84cf500fca84728f26e2a957c94ab78460a26df22c (target = 00000ffff0000000000000000000000000000000000000000000000000000000)
2020-04-19 06:08:15 nonce 7C417000: hash = 54c6e6d9453378bfcccfc27a2d7eed357e456d489307ad5e15b5fad967107b89 (target = 00000ffff0000000000000000000000000000000000000000000000000000000)
2020-04-19 06:08:17 nonce 7C418000: hash = b06a516dd0fb1067b42bc5917b458c76f37a77281f1f28e03e8d53a4a0265797 (target = 00000ffff0000000000000000000000000000000000000000000000000000000)
2020-04-19 06:08:18 nonce 7C419000: hash = 3a3b1d6b7c0f1209afd9594133e4308111cb50947cdf868e24c083adb76c7193 (target = 00000ffff0000000000000000000000000000000000000000000000000000000)
2020-04-19 06:08:19 nonce 7C41A000: hash = ff2d0eae4fc06df3a8fc79acebc426e8d8f74e880f375111b6712eb980850fdc (target = 00000ffff0000000000000000000000000000000000000000000000000000000)
2020-04-19 06:08:20 nonce 7C41B000: hash = 11feddaa418875b9234122ac2556cf8117c8670eb8939c4cf8da93e5b40f0300 (target = 00000ffff0000000000000000000000000000000000000000000000000000000)
2020-04-19 06:08:21 nonce 7C41C000: hash = 565f420ffd81482e934f4e4814614f2f43411e87bbd37df63c5e86d7dfc58281 (target = 00000ffff0000000000000000000000000000000000000000000000000000000)
2020-04-19 06:08:23 nonce 7C41D000: hash = 4ef3de6dde2a5a614e6d75836c25ed2f328d775a5a6bf3deb4e2ec40b2667c07 (target = 00000ffff0000000000000000000000000000000000000000000000000000000)
2020-04-19 06:08:24 nonce 7C41E000: hash = c2d302bc2930c9f7e801f487a3bbaa79970fa04598c21fe0a7feb6782eff6ac1 (target = 00000ffff0000000000000000000000000000000000000000000000000000000)
2020-04-19 06:08:25 nonce 7C41F000: hash = 668ad99a8a827ba4fb8c8ca1c967e401bfce48b1af6e88b4217b6ecc35940d16 (target = 00000ffff0000000000000000000000000000000000000000000000000000000)
2020-04-19 06:08:26 nonce 7C420000: hash = ea9f85d8fa0fb131d2e4f5a1a9c46c0b13fe04db69e84bbb1687b49ef702fe7c (target = 00000ffff0000000000000000000000000000000000000000000000000000000)
2020-04-19 06:08:28 nonce 7C421000: hash = 4caf72201864515c9a16fa979741c261ebe2cfcd0ef1bcef92654571a9e4f8dc (target = 00000ffff0000000000000000000000000000000000000000000000000000000)
2020-04-19 06:08:29 nonce 7C422000: hash = 7d551a1baa0f4502d186583d207c6ed07db14635f2c26fa99fe3dffb224642a3 (target = 00000ffff0000000000000000000000000000000000000000000000000000000)
2020-04-19 06:08:30 nonce 7C423000: hash = f24f0cfbad89f0e1c81a1e319e236a75ed14964a1915e2f1e854b3e6ac3da43c (target = 00000ffff0000000000000000000000000000000000000000000000000000000)
2020-04-19 06:08:31 nonce 7C424000: hash = c60dd2c6fd1e45e8df5dfd907ca3409287006fee129ce4da08309d542e77a0cd (target = 00000ffff0000000000000000000000000000000000000000000000000000000)
2020-04-19 06:08:33 nonce 7C425000: hash = 1869e97eabd9de6dd7a72b6340da75a7065d9e1ad917b80bb214a0ca8efc4f19 (target = 00000ffff0000000000000000000000000000000000000000000000000000000)
2020-04-19 06:08:34 nonce 7C426000: hash = 33cd8646231b21829ed2e840a77ee4caa6f13d439b612ecf62f8641b47132b5a (target = 00000ffff0000000000000000000000000000000000000000000000000000000)
2020-04-19 06:08:35 nonce 7C427000: hash = 0f6ed93b61a2014d7f7ab03150bf745a82c8b28e0250610b1dc4147dbbfa2432 (target = 00000ffff0000000000000000000000000000000000000000000000000000000)
2020-04-19 06:08:36 nonce 7C428000: hash = 6ed1f6eb1e3c3c1aa86ab29f94111ce8bcef714d19d8d73c5cb159ff5cd84459 (target = 00000ffff0000000000000000000000000000000000000000000000000000000)
2020-04-19 06:08:38 nonce 7C429000: hash = 993da0e4ceb8d47743e8f0dacf7b572c8fd8342ea4076cc5934d386e58e5671e (target = 00000ffff0000000000000000000000000000000000000000000000000000000)
2020-04-19 06:08:39 nonce 7C42A000: hash = 3ec9b3ea8e2752ce0dae201b6a32fb3ab30586a2d5d1429a84cac18bd2ab3460 (target = 00000ffff0000000000000000000000000000000000000000000000000000000)
2020-04-19 06:08:40 nonce 7C42B000: hash = c51398b5ebae9e78820779421d9748290aeca75b5c8ddf36f8e75c87d201e546 (target = 00000ffff0000000000000000000000000000000000000000000000000000000)
2020-04-19 06:08:42 nonce 7C42C000: hash = 57c08dfd844ee238848323897dc3e7848ab0dad64531895b8f723a8b5acf96f2 (target = 00000ffff0000000000000000000000000000000000000000000000000000000)
2020-04-19 06:08:43 nonce 7C42D000: hash = 2a5d46c64234f62a9d0276edd2b653f2dd298c0f2332f1c7a54e3141ca130939 (target = 00000ffff0000000000000000000000000000000000000000000000000000000)
2020-04-19 06:08:44 nonce 7C42E000: hash = 5e6126eb367669424c81bbd1f39c0cc62262a83cdc4bb4ddc9d366e75ba06a1c (target = 00000ffff0000000000000000000000000000000000000000000000000000000)
2020-04-19 06:08:45 nonce 7C42F000: hash = 70e74e7e42b38e0f07463fc0d79eb330e27637865bec2c343f99ee9c0166c28e (target = 00000ffff0000000000000000000000000000000000000000000000000000000)
2020-04-19 06:08:47 nonce 7C430000: hash = 785233d733869ea250604cd66fc65263cc68fdedd9d5f0352f8e4b1a848cd86e (target = 00000ffff0000000000000000000000000000000000000000000000000000000)
2020-04-19 06:08:48 nonce 7C431000: hash = e866b2be753c9fa4ae1258db91ec7835f33d19eab1084a2a2ac7531130e905bc (target = 00000ffff0000000000000000000000000000000000000000000000000000000)
2020-04-19 06:08:49 nonce 7C432000: hash = 363e43404b779f01c38cbdfea9cf8d1e7533a3d599198bf5097f49ac05b461a4 (target = 00000ffff0000000000000000000000000000000000000000000000000000000)
2020-04-19 06:08:51 nonce 7C433000: hash = 04d1be2c0b9f488b642aa89ff26358f5ac7ffd8503f0014c58054d710217a521 (target = 00000ffff0000000000000000000000000000000000000000000000000000000)
2020-04-19 06:08:52 nonce 7C434000: hash = 119cc70681bec00fb8b01b7817afb78a48398b9059052e3852fc8bdf16e5fb40 (target = 00000ffff0000000000000000000000000000000000000000000000000000000)
2020-04-19 06:08:53 nonce 7C435000: hash = 096b978e90264110e87595b82366954eccbd0b9d6ece31448ec318cf0d349d4d (target = 00000ffff0000000000000000000000000000000000000000000000000000000)
2020-04-19 06:08:55 nonce 7C436000: hash = a180b5ba75818b97e810defbe3252cd886e4489385f42722706bd080e3d01321 (target = 00000ffff0000000000000000000000000000000000000000000000000000000)
2020-04-19 06:08:56 nonce 7C437000: hash = d43e9629169d73fb7097715628c98732afd3951854425433d0b21eb8b7037f60 (target = 00000ffff0000000000000000000000000000000000000000000000000000000)
2020-04-19 06:08:57 nonce 7C438000: hash = 7c31ceb1ef9762791d38261d1de674b7077c02c5a21ef74c5892d3117e678a72 (target = 00000ffff0000000000000000000000000000000000000000000000000000000)
2020-04-19 06:08:58 nonce 7C439000: hash = 66e64c018cbdf4ec5c4b91039784c52cf3ea23067fde615ad97106efebd1caa1 (target = 00000ffff0000000000000000000000000000000000000000000000000000000)
2020-04-19 06:09:00 nonce 7C43A000: hash = 7b38fc462e2a87a8823c5882c26ef56651169d81fbafe60ea79d23be0659c345 (target = 00000ffff0000000000000000000000000000000000000000000000000000000)
2020-04-19 06:09:01 nonce 7C43B000: hash = 6b57f815447fafd3b2ddf6cc8fc5ae4f0bf05dbbfdf255e4f2e73d6d85b46884 (target = 00000ffff0000000000000000000000000000000000000000000000000000000)
2020-04-19 06:09:02 nonce 7C43C000: hash = d542e2cf3f480fca91456daf58f7c68d54116cb7e980d45752b57cc29f168d08 (target = 00000ffff0000000000000000000000000000000000000000000000000000000)
2020-04-19 06:09:03 nonce 7C43D000: hash = 37221b7fd5f2ef1a43a88c5ab25ea168af2bbdc9370371452e6c97955127c69f (target = 00000ffff0000000000000000000000000000000000000000000000000000000)
2020-04-19 06:09:04 nonce 7C43E000: hash = b0c293f8be19e0b7b15c1665db350ac0b86a56a72bc91479a664438121b88d28 (target = 00000ffff0000000000000000000000000000000000000000000000000000000)
2020-04-19 06:09:06 nonce 7C43F000: hash = afbf519cec0cc40a1fbdef138b830564f487c726693df4e6bfc547f7d4ad00a4 (target = 00000ffff0000000000000000000000000000000000000000000000000000000)
2020-04-19 06:09:07 nonce 7C440000: hash = 90c4171e61f66ca4964ae99c10f02cb5b270b13e82eeae9897502f15fd3ef874 (target = 00000ffff0000000000000000000000000000000000000000000000000000000)
2020-04-19 06:09:08 nonce 7C441000: hash = 4d1c6916c8dec74e99932f5ccc3135bc4668bbd2e107e28d8175100b03cff56f (target = 00000ffff0000000000000000000000000000000000000000000000000000000)
2020-04-19 06:09:10 nonce 7C442000: hash = b43c5244edc1b949f530f50889b9a98e87f46226eb4a6f97629ceb1609e595c0 (target = 00000ffff0000000000000000000000000000000000000000000000000000000)
2020-04-19 06:09:11 nonce 7C443000: hash = 131a9d06b9c5b9280c425679cde18de093acde1a904886555d22f8ae24e68ec2 (target = 00000ffff0000000000000000000000000000000000000000000000000000000)
2020-04-19 06:09:12 nonce 7C444000: hash = 031888ca92f2a3729d651ea63be9f536f51cc6416dd48441dd194377d0eec4cb (target = 00000ffff0000000000000000000000000000000000000000000000000000000)
2020-04-19 06:09:13 nonce 7C445000: hash = ca45ec4cc012788528b0946050c0481c0fadff3b65e573a9633ea2ca9ae1ed6d (target = 00000ffff0000000000000000000000000000000000000000000000000000000)
2020-04-19 06:09:15 nonce 7C446000: hash = 995c7547229a0c481489150bd53f3e6db79ae38902833027ba7df4f1d60cbc00 (target = 00000ffff0000000000000000000000000000000000000000000000000000000)
2020-04-19 06:09:16 nonce 7C447000: hash = f5b8f70dc815394532a3303c59d605e6726d841844a218bd7a9165c1cc3edfd0 (target = 00000ffff0000000000000000000000000000000000000000000000000000000)
2020-04-19 06:09:17 nonce 7C448000: hash = b4dab883204edb2c1cac863b5fae02654d296c3c95e29775cd98be158434982e (target = 00000ffff0000000000000000000000000000000000000000000000000000000)
2020-04-19 06:09:19 nonce 7C449000: hash = 1d0f3b191e94fe0c7d68e2905ce40f74b815dec0aaa0fcea50a5dc853f48a73d (target = 00000ffff0000000000000000000000000000000000000000000000000000000)
2020-04-19 06:09:20 nonce 7C44A000: hash = 3fc0fa950a8a789bcc27570b4659a903b2556437e3da5bd257543d41922c53dc (target = 00000ffff0000000000000000000000000000000000000000000000000000000)
2020-04-19 06:09:22 nonce 7C44B000: hash = d56f42787339d8444ca908b172cd707d5931570198601e2aabcc18c8abc456b1 (target = 00000ffff0000000000000000000000000000000000000000000000000000000)
2020-04-19 06:09:24 nonce 7C44C000: hash = cb4805d9c411d39214f28f621e2d10f8333d44b8e738f62069e44d62351b1ff1 (target = 00000ffff0000000000000000000000000000000000000000000000000000000)
2020-04-19 06:09:25 nonce 7C44D000: hash = fafc8808096b46f727e7a02149e29df52018a83b56ddf871123ad2810e32c746 (target = 00000ffff0000000000000000000000000000000000000000000000000000000)
2020-04-19 06:09:26 nonce 7C44E000: hash = ec34666e762b1a9ffd9eae2535c9a6905f531e749e2dc062adac4832e0a91885 (target = 00000ffff0000000000000000000000000000000000000000000000000000000)
2020-04-19 06:09:28 nonce 7C44F000: hash = 341901e09f84f3f73f01f84dce01512add57bde377a1dcd7d7effe566bba25c1 (target = 00000ffff0000000000000000000000000000000000000000000000000000000)
2020-04-19 06:09:29 nonce 7C450000: hash = 1a6138e1eeeae85f60562e83561520f8f2565d75df453f566e0972668b09e7c3 (target = 00000ffff0000000000000000000000000000000000000000000000000000000)
2020-04-19 06:09:30 nonce 7C451000: hash = 3e1d856bb85181b7ef1ea0acdba217e1d9bf02ac7a39199bafdf90841d0ad49c (target = 00000ffff0000000000000000000000000000000000000000000000000000000)
2020-04-19 06:09:31 nonce 7C452000: hash = 7c10c33514b707019376adf0faf8b577902bb6abed79b3891699dc0b5a154660 (target = 00000ffff0000000000000000000000000000000000000000000000000000000)
2020-04-19 06:09:32 nonce 7C453000: hash = d75e5d0850ee2bdf44d6f70dd5f166bb748be36f62f2b431cd7ac2a3f54d383e (target = 00000ffff0000000000000000000000000000000000000000000000000000000)
2020-04-19 06:09:34 nonce 7C454000: hash = ff68239e471ca7904eba3165bb89d0ab29a5033cb36bac78fa5e5a43b5796451 (target = 00000ffff0000000000000000000000000000000000000000000000000000000)
2020-04-19 06:09:35 nonce 7C455000: hash = fbc4d2f5d093f00d01f4c934ae936a788e61d4305df58d1dddc17c4ec34a1bb1 (target = 00000ffff0000000000000000000000000000000000000000000000000000000)
2020-04-19 06:09:36 nonce 7C456000: hash = e3ecdc67514c00a1e6ebe7414e4d72d177ffccc7fced2fa6ec1e792382ee73ce (target = 00000ffff0000000000000000000000000000000000000000000000000000000)
2020-04-19 06:09:37 nonce 7C457000: hash = efe590fbbdfa35d1e2ff7b92802de6854ec0d26edb61a9bc8677a651912e8704 (target = 00000ffff0000000000000000000000000000000000000000000000000000000)
2020-04-19 06:09:38 nonce 7C458000: hash = 290532ebc445fd18072be40d10e1df7f518533c1c6d580f5c90b6fa4ff9d69d7 (target = 00000ffff0000000000000000000000000000000000000000000000000000000)
2020-04-19 06:09:40 nonce 7C459000: hash = 49f96d4bf23f9eb5977f14a3c5cd86adafad884d28881adead3d254cab9bbbbc (target = 00000ffff0000000000000000000000000000000000000000000000000000000)
2020-04-19 06:09:41 nonce 7C45A000: hash = 0876b8b8d7974a22ef5a12ffb326ad8fdd123e103ec39e74c10a690cb83d692d (target = 00000ffff0000000000000000000000000000000000000000000000000000000)
2020-04-19 06:09:42 nonce 7C45B000: hash = 124213f282400814919cb8ccd3841fcf5ca683bf9079e0d3ba1c5443a24d32b0 (target = 00000ffff0000000000000000000000000000000000000000000000000000000)
2020-04-19 06:09:43 nonce 7C45C000: hash = 4fee0dff627ae6a43b83a46daa8ab9fabbf5086cede7d8e1cf4dc0cc9d776295 (target = 00000ffff0000000000000000000000000000000000000000000000000000000)
2020-04-19 06:09:44 nonce 7C45D000: hash = d805e11b19da1653170acd608142f70ad069f0585426e6a4b8b8397a8607aec3 (target = 00000ffff0000000000000000000000000000000000000000000000000000000)
2020-04-19 06:09:46 nonce 7C45E000: hash = 41f7ae6750e27b0b9c8b4548efa5dcd556431fc5351ed272964c5f7761e1cd7f (target = 00000ffff0000000000000000000000000000000000000000000000000000000)
2020-04-19 06:09:47 nonce 7C45F000: hash = 2069f2a1ad34962614778e9d6d0665c866e563f80e97a3c9e305b6619a1643c4 (target = 00000ffff0000000000000000000000000000000000000000000000000000000)
2020-04-19 06:09:48 nonce 7C460000: hash = 69851c905432464d270e365c55053a52e0139f6f0da28e95837c63189797b407 (target = 00000ffff0000000000000000000000000000000000000000000000000000000)
2020-04-19 06:09:49 nonce 7C461000: hash = 1c52e85a3221113d32e0591ceb68d2c288b17ba3b79f2ddd2750e5a61581ec74 (target = 00000ffff0000000000000000000000000000000000000000000000000000000)
2020-04-19 06:09:50 nonce 7C462000: hash = 40d0e6c70d67f6801331f71d7a873fe3d873142c39e50f5591a7add2b314499e (target = 00000ffff0000000000000000000000000000000000000000000000000000000)
2020-04-19 06:09:52 nonce 7C463000: hash = c2998a5e2b9cfa03a3e747447a12434817a55ab83cb0b1b73b678533aec58717 (target = 00000ffff0000000000000000000000000000000000000000000000000000000)
2020-04-19 06:09:53 nonce 7C464000: hash = 5aa201e7356fc906dd197dd2dafd2ad25109644195e0baf4e00dcff1446aa168 (target = 00000ffff0000000000000000000000000000000000000000000000000000000)
2020-04-19 06:09:54 nonce 7C465000: hash = c9cce034cbaf36f5d44e733218b3a74217414640db65fe0e4f415d1db98b169b (target = 00000ffff0000000000000000000000000000000000000000000000000000000)
2020-04-19 06:09:55 nonce 7C466000: hash = eaf81dd07ea60c3743cb1a6c095a46b0a2a2c4b4cced296a0bbee650db86e310 (target = 00000ffff0000000000000000000000000000000000000000000000000000000)
2020-04-19 06:09:56 nonce 7C467000: hash = 8f190a4144a34f9727efb73fbddf43ec4c566f184d9dda540873052f10cbb558 (target = 00000ffff0000000000000000000000000000000000000000000000000000000)
2020-04-19 06:09:58 nonce 7C468000: hash = 61e1bdddc6aa1b9303c2cc9d67bfda7b37546c2b5b49bd341dcec3dd41685184 (target = 00000ffff0000000000000000000000000000000000000000000000000000000)
2020-04-19 06:09:59 nonce 7C469000: hash = 7208b0864f6bed46eaf243207109246819bc85af8e021eaf8203678c4668c7f9 (target = 00000ffff0000000000000000000000000000000000000000000000000000000)
2020-04-19 06:10:00 nonce 7C46A000: hash = 28fef93588292c2d286cc6b38ce0ac821cc0947e6b121348ff4b20d9ce9a8ea8 (target = 00000ffff0000000000000000000000000000000000000000000000000000000)
2020-04-19 06:10:01 nonce 7C46B000: hash = b673e70fa44754f2d8692bf0dc4893679a83b4985d1a8ff3d4ae2df82da7836c (target = 00000ffff0000000000000000000000000000000000000000000000000000000)
2020-04-19 06:10:02 nonce 7C46C000: hash = e346db85d09bec1aad1b97df5cd54fb984f94aab965ef0b77504358b3919dab0 (target = 00000ffff0000000000000000000000000000000000000000000000000000000)
2020-04-19 06:10:04 nonce 7C46D000: hash = 372a43d6ec75095589bbc4b6cf57ed14ba013fdcbf61bd640e25080d84b61575 (target = 00000ffff0000000000000000000000000000000000000000000000000000000)
2020-04-19 06:10:05 nonce 7C46E000: hash = 976b3e01ebfb429cceaa40a3b98a14f24825058795b99b5c59ea3ac4c6a949cc (target = 00000ffff0000000000000000000000000000000000000000000000000000000)
2020-04-19 06:10:06 nonce 7C46F000: hash = 9fae2f79f6857d44d4ba987b8a1d4768462d5bb2929b45443cb643bef655bc0e (target = 00000ffff0000000000000000000000000000000000000000000000000000000)
2020-04-19 06:10:07 nonce 7C470000: hash = ccf91b2634b974f223caed9cac7be82191504e7c3a7352cf639c202d0d06df4c (target = 00000ffff0000000000000000000000000000000000000000000000000000000)
2020-04-19 06:10:08 nonce 7C471000: hash = ec4421ff6898a382f62f49c205bd640d4a3d2f5e04371760d906a5b4b21c7521 (target = 00000ffff0000000000000000000000000000000000000000000000000000000)
2020-04-19 06:10:10 nonce 7C472000: hash = d95ca33d3c13eded523aa2c6494a506c1d69dd67b8527c7fd51f891c4e9722f3 (target = 00000ffff0000000000000000000000000000000000000000000000000000000)
2020-04-19 06:10:11 nonce 7C473000: hash = fdf173eb09960ae6b134d53a958e3d9e68bd6e00bf99ff143ad6f795cf7af352 (target = 00000ffff0000000000000000000000000000000000000000000000000000000)
2020-04-19 06:10:12 nonce 7C474000: hash = e986d76e004dfc137081024f1c951ca64201b136213eb55290ef5bca0d75efc9 (target = 00000ffff0000000000000000000000000000000000000000000000000000000)
2020-04-19 06:10:13 nonce 7C475000: hash = 8296792e5a8d3291d07edc51cd7cf70339e85450c53397a5693b80cbd9492f55 (target = 00000ffff0000000000000000000000000000000000000000000000000000000)
2020-04-19 06:10:15 nonce 7C476000: hash = baefba4b5133de5020bab526ed0ef7c22a6ad3bbf401f1bca54ef73a35925277 (target = 00000ffff0000000000000000000000000000000000000000000000000000000)
2020-04-19 06:10:16 nonce 7C477000: hash = 38586863a4381bfa86f25ed24f29f1c92ba23c8eac521338fa3458a9306b2f2b (target = 00000ffff0000000000000000000000000000000000000000000000000000000)
2020-04-19 06:10:17 nonce 7C478000: hash = d5bfee5a8979c4f26ad1d9b5032bb7912b543861e04da3ec3b488a457061690d (target = 00000ffff0000000000000000000000000000000000000000000000000000000)
2020-04-19 06:10:18 nonce 7C479000: hash = efe1134e5c644be6b5ceaee50dfda16f332be2f91865d1d92e50007b1a12eb2c (target = 00000ffff0000000000000000000000000000000000000000000000000000000)
2020-04-19 06:10:19 nonce 7C47A000: hash = accb2ecd57e9c7a379ecb224f267826077bc957f90d281a2e089d9294a677ae8 (target = 00000ffff0000000000000000000000000000000000000000000000000000000)
2020-04-19 06:10:21 nonce 7C47B000: hash = 19258e07d7f34190c63dc5c1de8d9fb1b66b7de8512367f35b2f7076c7cbbeb1 (target = 00000ffff0000000000000000000000000000000000000000000000000000000)
2020-04-19 06:10:22 nonce 7C47C000: hash = 2032d7b95e57f13b903561df09af1bb5b2e0dd173ccf4c71b3f631036858e3a9 (target = 00000ffff0000000000000000000000000000000000000000000000000000000)
2020-04-19 06:10:23 nonce 7C47D000: hash = 6775d8570c711cf99f2d601b6eb946794bae8ed62c166b7763bc3405691c72f1 (target = 00000ffff0000000000000000000000000000000000000000000000000000000)
2020-04-19 06:10:24 nonce 7C47E000: hash = dc136e8030bc14162a8f27d1f930a58f4f6b5324df2daf6a1e633d1eeee77cd6 (target = 00000ffff0000000000000000000000000000000000000000000000000000000)
2020-04-19 06:10:25 nonce 7C47F000: hash = 923b2b68fbc88fd8b6c7c7b1176ce10951f6c6331a81502f106fb396f71e34c5 (target = 00000ffff0000000000000000000000000000000000000000000000000000000)
2020-04-19 06:10:27 nonce 7C480000: hash = 2f23f03d5e95ed50f8e78ba71753988363970f6d64dab2641b7478f13eec8864 (target = 00000ffff0000000000000000000000000000000000000000000000000000000)
2020-04-19 06:10:28 nonce 7C481000: hash = f3c06bacbabed82487d2a7f99141260974a72ed40b40533f4599bcd352b36094 (target = 00000ffff0000000000000000000000000000000000000000000000000000000)
2020-04-19 06:10:29 nonce 7C482000: hash = 9b9cec83dc8fd92e313c08f88675ef792cf528392a965a951bfb35dd61d09a55 (target = 00000ffff0000000000000000000000000000000000000000000000000000000)
2020-04-19 06:10:30 nonce 7C483000: hash = 9e07e4fa986b734d148f1b32c3a16aca7b0752df15b4279f1f83936d49dc747f (target = 00000ffff0000000000000000000000000000000000000000000000000000000)
2020-04-19 06:10:31 nonce 7C484000: hash = d71798e3aedc2b4b5ab44b8ff01ce779ec1d31ca246e0d55a4a0fbe9379f87cc (target = 00000ffff0000000000000000000000000000000000000000000000000000000)
2020-04-19 06:10:33 nonce 7C485000: hash = 67a150741a1e7838422a5d6438b5848d82a8d320cd2e211422e2eb6c87e7eb1b (target = 00000ffff0000000000000000000000000000000000000000000000000000000)
2020-04-19 06:10:34 nonce 7C486000: hash = 921b6fa5f8a0e418f505bcd2dde188633c46d863b5fec8b4b69cc225e78e7225 (target = 00000ffff0000000000000000000000000000000000000000000000000000000)
2020-04-19 06:10:35 nonce 7C487000: hash = b11678f72702270056d8b9364b252b443ff1c1ee05beebb73beed3edd7450ff9 (target = 00000ffff0000000000000000000000000000000000000000000000000000000)
2020-04-19 06:10:36 nonce 7C488000: hash = 129f4083ca400263bd3c65fd97e96c3178ab3a336b7df41edbe63fc33d68ad3c (target = 00000ffff0000000000000000000000000000000000000000000000000000000)
2020-04-19 06:10:38 nonce 7C489000: hash = ae12c3e772800f8d04a6561a3ca41fa265602454e796efc690929f903d21de38 (target = 00000ffff0000000000000000000000000000000000000000000000000000000)
2020-04-19 06:10:39 nonce 7C48A000: hash = 9077e89f4a49d6e78a23a7f7dc72777a08a59b49576f9b065c886700b99fed6e (target = 00000ffff0000000000000000000000000000000000000000000000000000000)
2020-04-19 06:10:40 nonce 7C48B000: hash = ca9d3f5324e239d2b369731457a3894e2ec564a926cc7e900d11e11dbe0033de (target = 00000ffff0000000000000000000000000000000000000000000000000000000)
2020-04-19 06:10:41 nonce 7C48C000: hash = a7c2e08aa1eedbe88a193b3bd373f891b0f8111d50890ef3be5d945a33ef52cb (target = 00000ffff0000000000000000000000000000000000000000000000000000000)
2020-04-19 06:10:42 nonce 7C48D000: hash = 81633048b452733d54432da843df34dab4d3d6aadef5cbf64ada45e43cbc4c06 (target = 00000ffff0000000000000000000000000000000000000000000000000000000)
2020-04-19 06:10:44 nonce 7C48E000: hash = 4de4a6ce07801de59a8b2d9f7716fb9c39a5bdfce184e5250797a6f93ae343e5 (target = 00000ffff0000000000000000000000000000000000000000000000000000000)
2020-04-19 06:10:45 nonce 7C48F000: hash = 579bfc31a58569857f52c97a1d2894dc9d093ec6344fd1c93d74bebb47d116d4 (target = 00000ffff0000000000000000000000000000000000000000000000000000000)
2020-04-19 06:10:46 nonce 7C490000: hash = 6658cfff52868f702281c047248c2c9a26e659743cfc88bfcb9c5e069eb530ef (target = 00000ffff0000000000000000000000000000000000000000000000000000000)
2020-04-19 06:10:47 nonce 7C491000: hash = ff46dc8634ece428bbc54a04d886e43ba1218b24bf6df2e989871926c156c902 (target = 00000ffff0000000000000000000000000000000000000000000000000000000)
2020-04-19 06:10:48 nonce 7C492000: hash = defc630c17d7677a3de7bae412e0148ab8700e060c7681475334181bbc85f63b (target = 00000ffff0000000000000000000000000000000000000000000000000000000)
2020-04-19 06:10:50 nonce 7C493000: hash = 2fe5553fd92732a9a8ce540512afd18c03724451402e2055335359ac82dafdf1 (target = 00000ffff0000000000000000000000000000000000000000000000000000000)
2020-04-19 06:10:51 nonce 7C494000: hash = c8726991cc06d35725282887d0b304da417b77fa5b8638dd49d05b9719515de1 (target = 00000ffff0000000000000000000000000000000000000000000000000000000)
2020-04-19 06:10:52 nonce 7C495000: hash = 818dea2bc10f68758af5ba49839afdf091024ef0ba4484f61547f12282c704ca (target = 00000ffff0000000000000000000000000000000000000000000000000000000)
2020-04-19 06:10:53 nonce 7C496000: hash = 9a066054769c7796ff60c8da0279a4a5708ad0cb8de29e685c9e65afd3aa20d2 (target = 00000ffff0000000000000000000000000000000000000000000000000000000)
2020-04-19 06:10:54 nonce 7C497000: hash = 96ab45c63c165babea0d9313b9f0544fbec023f88a9a759f2405079ca3226d55 (target = 00000ffff0000000000000000000000000000000000000000000000000000000)
2020-04-19 06:10:56 nonce 7C498000: hash = ce894e6edd3486c4c2093e79a011a50d0c7f61ca7570f9e7c091f66cee1dcf84 (target = 00000ffff0000000000000000000000000000000000000000000000000000000)
2020-04-19 06:10:57 nonce 7C499000: hash = 5fb04d125315f21766471e9d068580c1346dc324db10400f9aa5fd9c6c962cae (target = 00000ffff0000000000000000000000000000000000000000000000000000000)
2020-04-19 06:10:58 nonce 7C49A000: hash = cc014c889fa47745dd3fb7fb1dafd55edc5f9a0eb90a11412113359b4ca4a927 (target = 00000ffff0000000000000000000000000000000000000000000000000000000)
2020-04-19 06:10:59 nonce 7C49B000: hash = 7413569c37ab1d6990174448c12286109137dd8bf8df674209729700df931d7d (target = 00000ffff0000000000000000000000000000000000000000000000000000000)
2020-04-19 06:11:00 nonce 7C49C000: hash = 05ff500fe0628df085978cc08cdaf325d7a13386ee9b52aa81043a730f6fa16b (target = 00000ffff0000000000000000000000000000000000000000000000000000000)
2020-04-19 06:11:02 nonce 7C49D000: hash = bd721d1ac94aaf28a3c185681d3e6256a830e815bdfb35ea9dbd3841f3e04f16 (target = 00000ffff0000000000000000000000000000000000000000000000000000000)
2020-04-19 06:11:03 nonce 7C49E000: hash = 0cd9d9733799d4f37c7a6050bb59e8dc1714d54daefdbddf8bb33a8fb063161a (target = 00000ffff0000000000000000000000000000000000000000000000000000000)
2020-04-19 06:11:03 block.nTime = 1587274754 
2020-04-19 06:11:03 block.nNonce = 2085217441 
2020-04-19 06:11:03 block.GetHash = 4b00545b94963bf6d05765ec21ebe69a100c48ec9ed2e8ca52cc0b5a13c3e85b
2020-04-19 06:11:03 4b00545b94963bf6d05765ec21ebe69a100c48ec9ed2e8ca52cc0b5a13c3e85b
2020-04-19 06:11:03 0000000000000000000000000000000000000000000000000000000000000000
2020-04-19 06:11:03 d105d1cfd8cd5668f179acdf6f0255dbbcbdbf2d228d025d32dac99e500bc3f8
2020-04-19 06:11:03 CBlock(hash=4b00545b94963bf6d05765ec21ebe69a100c48ec9ed2e8ca52cc0b5a13c3e85b, input=010000000000000000000000000000000000000000000000000000000000000000000000f8c30b509ec9da325d028d222dbfbdbcdb55026fdfac79f16856cdd8cfd105d102e49b5ef0ff0f1ea1e4497c, PoW=00000c7bbf8f0c39b6864e8944f9249dbde0cfea6fef4b5670c3996f7b54136d, ver=1, hashPrevBlock=0000000000000000000000000000000000000000000000000000000000000000, hashMerkleRoot=d105d1cfd8cd5668f179acdf6f0255dbbcbdbf2d228d025d32dac99e500bc3f8, nTime=1587274754, nBits=1e0ffff0, nNonce=2085217441, vtx=1)
2020-04-19 06:11:03   CTransaction(hash=d105d1cfd8cd5668f179acdf6f0255dbbcbdbf2d228d025d32dac99e500bc3f8, ver=1, vin.size=1, vout.size=1, nLockTime=0)
    CTxIn(COutPoint(0000000000000000000000000000000000000000000000000000000000000000, 4294967295), coinbase 04ffff001d0104302031392f30342f32303230202d20436f7669642d31392069732074616b696e67206c696665206f7574206f6620757321)
    CTxOut(nValue=20.00000000, scriptPubKey=046419b946aea04b826c02ee1ac5d5)
  vMerkleTree: d105d1cfd8cd5668f179acdf6f0255dbbcbdbf2d228d025d32dac99e500bc3f8 
2020-04-19 06:26:55 



















2020-04-19 06:26:55 Dcscoin version v0.8.7.5-unk-beta (2020-04-18 07:40:27 -0700)
2020-04-19 06:26:55 Using OpenSSL version OpenSSL 1.0.2n  7 Dec 2017
2020-04-19 06:26:55 Default data directory /home/dhruv/.dcscoin
2020-04-19 06:26:55 Using data directory /home/dhruv/.dcscoin
2020-04-19 06:26:55 Using at most 125 connections (1024 file descriptors available)
2020-04-19 06:26:55 Using 4 threads for script verification
2020-04-19 06:26:55 init message: Verifying wallet...
2020-04-19 06:26:55 dbenv.open LogDir=/home/dhruv/.dcscoin/database ErrorFile=/home/dhruv/.dcscoin/db.log
2020-04-19 06:26:55 Bound to [::]:2333
2020-04-19 06:26:55 Bound to 0.0.0.0:2333
2020-04-19 06:26:55 init message: Loading block index...
2020-04-19 06:26:55 Opening LevelDB in /home/dhruv/.dcscoin/blocks/index
2020-04-19 06:26:55 Opened LevelDB successfully
2020-04-19 06:26:55 Opening LevelDB in /home/dhruv/.dcscoin/chainstate
2020-04-19 06:26:55 Opened LevelDB successfully
2020-04-19 06:26:55 LoadBlockIndexDB(): last block file = 0
2020-04-19 06:26:55 LoadBlockIndexDB(): transaction index disabled
2020-04-19 06:26:55 Initializing databases...
2020-04-19 06:26:55 4b00545b94963bf6d05765ec21ebe69a100c48ec9ed2e8ca52cc0b5a13c3e85b
2020-04-19 06:26:55 4b00545b94963bf6d05765ec21ebe69a100c48ec9ed2e8ca52cc0b5a13c3e85b
2020-04-19 06:26:55 d105d1cfd8cd5668f179acdf6f0255dbbcbdbf2d228d025d32dac99e500bc3f8
2020-04-19 06:26:55 CBlock(hash=4b00545b94963bf6d05765ec21ebe69a100c48ec9ed2e8ca52cc0b5a13c3e85b, input=010000000000000000000000000000000000000000000000000000000000000000000000f8c30b509ec9da325d028d222dbfbdbcdb55026fdfac79f16856cdd8cfd105d102e49b5ef0ff0f1ea1e4497c, PoW=00000c7bbf8f0c39b6864e8944f9249dbde0cfea6fef4b5670c3996f7b54136d, ver=1, hashPrevBlock=0000000000000000000000000000000000000000000000000000000000000000, hashMerkleRoot=d105d1cfd8cd5668f179acdf6f0255dbbcbdbf2d228d025d32dac99e500bc3f8, nTime=1587274754, nBits=1e0ffff0, nNonce=2085217441, vtx=1)
2020-04-19 06:26:55   CTransaction(hash=d105d1cfd8cd5668f179acdf6f0255dbbcbdbf2d228d025d32dac99e500bc3f8, ver=1, vin.size=1, vout.size=1, nLockTime=0)
    CTxIn(COutPoint(0000000000000000000000000000000000000000000000000000000000000000, 4294967295), coinbase 04ffff001d0104302031392f30342f32303230202d20436f7669642d31392069732074616b696e67206c696665206f7574206f6620757321)
    CTxOut(nValue=20.00000000, scriptPubKey=046419b946aea04b826c02ee1ac5d5)
  vMerkleTree: d105d1cfd8cd5668f179acdf6f0255dbbcbdbf2d228d025d32dac99e500bc3f8 
2020-04-19 06:26:55 Pre-allocating up to position 0x1000000 in blk00000.dat
2020-04-19 06:26:55 SetBestChain: new best=4b00545b94963bf6d05765ec21ebe69a100c48ec9ed2e8ca52cc0b5a13c3e85b  height=0  log2_work=20.000022  tx=1  date=2020-04-19 05:39:14 progress=0.601588
2020-04-19 06:26:55 init message: Verifying blocks...
2020-04-19 06:26:55  block index              15ms
2020-04-19 06:26:55 init message: Loading wallet...
2020-04-19 06:26:55 nFileVersion = 80705
2020-04-19 06:26:55 Performing wallet upgrade to 60000
2020-04-19 06:26:55 keypool added key 1, size=1
2020-04-19 06:26:55 keypool added key 2, size=2
2020-04-19 06:26:55 keypool added key 3, size=3
2020-04-19 06:26:55 keypool added key 4, size=4
2020-04-19 06:26:55 keypool added key 5, size=5
2020-04-19 06:26:55 keypool added key 6, size=6
2020-04-19 06:26:55 keypool added key 7, size=7
2020-04-19 06:26:55 keypool added key 8, size=8
2020-04-19 06:26:55 keypool added key 9, size=9
2020-04-19 06:26:55 keypool added key 10, size=10
2020-04-19 06:26:55 keypool added key 11, size=11
2020-04-19 06:26:55 keypool added key 12, size=12
2020-04-19 06:26:55 keypool added key 13, size=13
2020-04-19 06:26:55 keypool added key 14, size=14
2020-04-19 06:26:55 keypool added key 15, size=15
2020-04-19 06:26:55 keypool added key 16, size=16
2020-04-19 06:26:55 keypool added key 17, size=17
2020-04-19 06:26:55 keypool added key 18, size=18
2020-04-19 06:26:55 keypool added key 19, size=19
2020-04-19 06:26:55 keypool added key 20, size=20
2020-04-19 06:26:55 keypool added key 21, size=21
2020-04-19 06:26:55 keypool added key 22, size=22
2020-04-19 06:26:55 keypool added key 23, size=23
2020-04-19 06:26:55 keypool added key 24, size=24
2020-04-19 06:26:55 keypool added key 25, size=25
2020-04-19 06:26:55 keypool added key 26, size=26
2020-04-19 06:26:55 keypool added key 27, size=27
2020-04-19 06:26:55 keypool added key 28, size=28
2020-04-19 06:26:55 keypool added key 29, size=29
2020-04-19 06:26:55 keypool added key 30, size=30
2020-04-19 06:26:55 keypool added key 31, size=31
2020-04-19 06:26:55 keypool added key 32, size=32
2020-04-19 06:26:55 keypool added key 33, size=33
2020-04-19 06:26:55 keypool added key 34, size=34
2020-04-19 06:26:55 keypool added key 35, size=35
2020-04-19 06:26:55 keypool added key 36, size=36
2020-04-19 06:26:55 keypool added key 37, size=37
2020-04-19 06:26:55 keypool added key 38, size=38
2020-04-19 06:26:55 keypool added key 39, size=39
2020-04-19 06:26:55 keypool added key 40, size=40
2020-04-19 06:26:55 keypool added key 41, size=41
2020-04-19 06:26:55 keypool added key 42, size=42
2020-04-19 06:26:55 keypool added key 43, size=43
2020-04-19 06:26:55 keypool added key 44, size=44
2020-04-19 06:26:55 keypool added key 45, size=45
2020-04-19 06:26:55 keypool added key 46, size=46
2020-04-19 06:26:55 keypool added key 47, size=47
2020-04-19 06:26:55 keypool added key 48, size=48
2020-04-19 06:26:55 keypool added key 49, size=49
2020-04-19 06:26:55 keypool added key 50, size=50
2020-04-19 06:26:55 keypool added key 51, size=51
2020-04-19 06:26:55 keypool added key 52, size=52
2020-04-19 06:26:55 keypool added key 53, size=53
2020-04-19 06:26:55 keypool added key 54, size=54
2020-04-19 06:26:55 keypool added key 55, size=55
2020-04-19 06:26:55 keypool added key 56, size=56
2020-04-19 06:26:55 keypool added key 57, size=57
2020-04-19 06:26:55 keypool added key 58, size=58
2020-04-19 06:26:55 keypool added key 59, size=59
2020-04-19 06:26:55 keypool added key 60, size=60
2020-04-19 06:26:55 keypool added key 61, size=61
2020-04-19 06:26:55 keypool added key 62, size=62
2020-04-19 06:26:55 keypool added key 63, size=63
2020-04-19 06:26:55 keypool added key 64, size=64
2020-04-19 06:26:55 keypool added key 65, size=65
2020-04-19 06:26:55 keypool added key 66, size=66
2020-04-19 06:26:55 keypool added key 67, size=67
2020-04-19 06:26:55 keypool added key 68, size=68
2020-04-19 06:26:55 keypool added key 69, size=69
2020-04-19 06:26:55 keypool added key 70, size=70
2020-04-19 06:26:55 keypool added key 71, size=71
2020-04-19 06:26:55 keypool added key 72, size=72
2020-04-19 06:26:55 keypool added key 73, size=73
2020-04-19 06:26:55 keypool added key 74, size=74
2020-04-19 06:26:55 keypool added key 75, size=75
2020-04-19 06:26:55 keypool added key 76, size=76
2020-04-19 06:26:55 keypool added key 77, size=77
2020-04-19 06:26:55 keypool added key 78, size=78
2020-04-19 06:26:55 keypool added key 79, size=79
2020-04-19 06:26:55 keypool added key 80, size=80
2020-04-19 06:26:55 keypool added key 81, size=81
2020-04-19 06:26:55 keypool added key 82, size=82
2020-04-19 06:26:55 keypool added key 83, size=83
2020-04-19 06:26:55 keypool added key 84, size=84
2020-04-19 06:26:55 keypool added key 85, size=85
2020-04-19 06:26:55 keypool added key 86, size=86
2020-04-19 06:26:55 keypool added key 87, size=87
2020-04-19 06:26:55 keypool added key 88, size=88
2020-04-19 06:26:55 keypool added key 89, size=89
2020-04-19 06:26:55 keypool added key 90, size=90
2020-04-19 06:26:55 keypool added key 91, size=91
2020-04-19 06:26:55 keypool added key 92, size=92
2020-04-19 06:26:55 keypool added key 93, size=93
2020-04-19 06:26:55 keypool added key 94, size=94
2020-04-19 06:26:55 keypool added key 95, size=95
2020-04-19 06:26:55 keypool added key 96, size=96
2020-04-19 06:26:55 keypool added key 97, size=97
2020-04-19 06:26:55 keypool added key 98, size=98
2020-04-19 06:26:55 keypool added key 99, size=99
2020-04-19 06:26:55 keypool added key 100, size=100
2020-04-19 06:26:55 keypool added key 101, size=101
2020-04-19 06:26:55 keypool reserve 1
2020-04-19 06:26:55 keypool keep 1
2020-04-19 06:26:55  wallet                  249ms
2020-04-19 06:26:55 init message: Loading addresses...
2020-04-19 06:26:55 ERROR: CAddrman::Read() : open failed
2020-04-19 06:26:55 Invalid or missing peers.dat; recreating
2020-04-19 06:26:55 Loaded 0 addresses from peers.dat  0ms
2020-04-19 06:26:55 mapBlockIndex.size() = 1
2020-04-19 06:26:55 nBestHeight = 0
2020-04-19 06:26:55 setKeyPool.size() = 100
2020-04-19 06:26:55 mapWallet.size() = 0
2020-04-19 06:26:55 mapAddressBook.size() = 1
2020-04-19 06:26:55 dnsseed thread start
2020-04-19 06:26:55 Loading addresses from DNS seeds (could take a while)
2020-04-19 06:26:55 0 addresses found from DNS seeds
2020-04-19 06:26:55 dnsseed thread exit
2020-04-19 06:26:55 net thread start
2020-04-19 06:26:55 upnp thread start
2020-04-19 06:26:55 addcon thread start
2020-04-19 06:26:55 opencon thread start
2020-04-19 06:26:55 msghand thread start
2020-04-19 06:26:55 dumpaddr thread start
2020-04-19 06:26:55 init message: Done loading
2020-04-19 06:26:55 refreshWallet
2020-04-19 06:27:00 connection timeout
2020-04-19 06:27:00 ERROR: GetMyExternalIP() : connection to 91.198.22.70:80 failed
2020-04-19 06:27:02 GetMyExternalIP() received [103.94.195.76] 103.94.195.76:0
2020-04-19 06:27:02 GetMyExternalIP() returned 103.94.195.76
2020-04-19 06:27:02 AddLocal(103.94.195.76:2333,4)
2020-04-19 06:27:03 No valid UPnP IGDs found
2020-04-19 06:27:03 upnp thread exit
2020-04-19 06:27:41 addcon thread interrupt
2020-04-19 06:27:41 opencon thread interrupt
2020-04-19 06:27:41 msghand thread interrupt
2020-04-19 06:27:41 dumpaddr thread stop
2020-04-19 06:27:41 net thread interrupt
2020-04-19 06:27:41 Shutdown : In progress...
2020-04-19 06:27:41 Flush(false)
2020-04-19 06:27:41 wallet.dat refcount=0
2020-04-19 06:27:41 wallet.dat checkpoint
2020-04-19 06:27:41 wallet.dat detach
2020-04-19 06:27:41 wallet.dat closed
2020-04-19 06:27:41 DBFlush(false) ended               6ms
2020-04-19 06:27:41 StopNode()
2020-04-19 06:27:41 Flushed 0 addresses to peers.dat  2ms
2020-04-19 06:27:41 Committing 0 changed transactions to coin database...
2020-04-19 06:27:41 Flush(true)
2020-04-19 06:27:41 wallet.dat refcount=0
2020-04-19 06:27:41 wallet.dat checkpoint
2020-04-19 06:27:41 wallet.dat detach
2020-04-19 06:27:41 wallet.dat closed
2020-04-19 06:27:41 DBFlush(true) ended               1ms
2020-04-19 06:27:42 Shutdown : done
